
## Verdict: PASS

## Summary

The only code change was wrapping the GET handler in `src/app/api/copilotkit/route.ts` with `withApiHandler({ auth: 'public' })`. The other 4 routes (`exercises/convert/single/create`, `exercises/convert/single`, `lessons/convert-context`, `lessons/create-context-exercises`) already had proper `auth: 'admin'` on their POST handlers — they are POST-only endpoints with no GET handlers, which is correct.

## Findings

### Critical

None.

### Major

None.

### Minor

None.

## Two-Pass Review

**Pass 1 — CRITICAL:**

- **Auth coverage**: The copilotkit GET is now wrapped with `withApiHandler({ auth: 'public' })` — appropriate for a status-check endpoint returning only `{ status: 'Chat endpoint ready' }`. The POST is wrapped with `auth: 'authenticated'` — correct.
- **Other 4 routes**: POST-only endpoints with `auth: 'admin'` — proper admin-only protection.

**Pass 2 — INFORMATIONAL:**

- **Enum/Value completeness**: Not applicable — no new enum values introduced.
- **Test gaps**: No test files modified.
- **Dead code**: None introduced.
- **Design system**: No frontend files changed.

---

**Note:** Browser verification is not applicable — this change is purely server-side API authentication logic (no UI components modified).
