## Verdict: PASS

## Summary

Successfully removed the `lessonContextText` field from the Lessons collection and all associated code from the chat injection pipeline. The field was orphaned after the context extraction refactor (PR #1200) redirected all context storage to the `ContextExtractions` collection. All test files for the deleted module were also removed.

## Findings

### Critical
None.

### Major
None.

### Minor
None.

## Verification

| Check | Result |
|-------|--------|
| `lessonContextText` removed from Lessons.ts schema | ✓ |
| `lesson-context.ts` deleted | ✓ |
| `prompt-composer.server.ts` - no `buildLessonContextPrompt` import | ✓ |
| `prompt-composition.ts` - no `lessonContextText` in interfaces | ✓ |
| `pipeline.ts` - no `lessonContextText` parameter | ✓ |
| `chat.ts` - no `lessonContextText` parameter | ✓ |
| `page.tsx` - no `hasLessonContext` prop | ✓ |
| All Pager components - no `hasLessonContext` prop | ✓ |
| `payload-types.ts` regenerated | ✓ |
| No remaining `hasLessonContext` references in TS/TSX files | ✓ |
| No remaining `lessonContextText` references in source files | ✓ |
| `pnpm typecheck` | ✓ |
| Integration tests (8 tests) | ✓ |
