## Verdict: PASS

## Summary

Fixed a critical code injection vulnerability in `safeMathEval.ts` by replacing the dangerous `eval()` call with `mathjs.evaluate()`. The mathjs library only evaluates mathematical expressions and cannot execute arbitrary JavaScript code, preventing the stored XSS/code injection attack vector.

## Findings

### Critical

None.

### Major

None.

### Minor

1. `src/ui/web/exerciserenderer/utils/safeMathEval.ts` — **No test coverage**. The file has no unit or integration tests, making it impossible to verify the fix doesn't break existing functionality or to guard against future regressions. Consider adding tests that verify:
   - Valid expressions like `sin(x)`, `x^2`, `sqrt(x)` evaluate correctly
   - Invalid expressions return `valid: false`
   - Injection attempts like `x; require('child_process')` are rejected

2. `src/app/api/oauth/google/callback/oauth_callback_helpers.ts:265` — Unrelated formatting change (line wrapping) included in the same commit. While harmless, it mixes unrelated changes.

---

**Verification performed:**
- TypeScript compilation: PASS (`pnpm typecheck`)
- ESLint: PASS (pre-existing warnings in unrelated files only)
- The `eval()` call has been completely removed from `safeMathEval.ts`
- `mathjs.evaluate()` correctly scopes all math functions (`sin`, `cos`, `tan`, `sqrt`, `abs`, `log`, etc.) and constants (`PI`, `E`) via an explicit scope object, preventing access to any globals
